android/app/build/intermediates/manifest_merge_blame_file/release/manifest-merger-blame-release-report.txt
1<?xml version="1.0" encoding="utf-8"?>
2<manifest xmlns:android="http://schemas.android.com/apk/res/android"
3    package="io.ionic.studentmis"
4    android:versionCode="108"
5    android:versionName="1.0.8" >
6
7    <uses-sdk
8        android:minSdkVersion="21"
8-->src/main/AndroidManifest.xml
9        android:targetSdkVersion="30" />
9-->src/main/AndroidManifest.xml
10
11    <!-- Permissions -->
12
13    <uses-permission android:name="android.permission.INTERNET" />
13-->src/main/AndroidManifest.xml:52:5-67
13-->src/main/AndroidManifest.xml:52:22-64
14    <uses-permission android:name="android.permission.READ_EXTERNAL_STORAGE" />
14-->src/main/AndroidManifest.xml:53:5-79
14-->src/main/AndroidManifest.xml:53:22-77
15    <uses-permission android:name="android.permission.WRITE_EXTERNAL_STORAGE" />
15-->src/main/AndroidManifest.xml:54:5-81
15-->src/main/AndroidManifest.xml:54:22-78
16
17    <queries>
17-->[:capacitor-camera] AndroidManifest.xml:9:5-13:15
18        <intent>
18-->[:capacitor-camera] AndroidManifest.xml:10:9-12:18
19            <action android:name="android.media.action.IMAGE_CAPTURE" />
19-->[:capacitor-camera] AndroidManifest.xml:11:13-73
19-->[:capacitor-camera] AndroidManifest.xml:11:21-70
20        </intent>
21    </queries>
22
23    <uses-permission android:name="android.permission.ACCESS_NETWORK_STATE" />
23-->[com.google.firebase:firebase-messaging-directboot:23.0.0] AndroidManifest.xml:22:5-79
23-->[com.google.firebase:firebase-messaging-directboot:23.0.0] AndroidManifest.xml:22:22-76
24    <uses-permission android:name="android.permission.WAKE_LOCK" /> <!-- Required by older versions of Google Play services to create IID tokens -->
24-->[com.google.firebase:firebase-messaging-directboot:23.0.0] AndroidManifest.xml:24:5-68
24-->[com.google.firebase:firebase-messaging-directboot:23.0.0] AndroidManifest.xml:24:22-65
25    <uses-permission android:name="com.google.android.c2dm.permission.RECEIVE" />
25-->[com.google.firebase:firebase-messaging:23.0.0] AndroidManifest.xml:25:5-82
25-->[com.google.firebase:firebase-messaging:23.0.0] AndroidManifest.xml:25:22-79
26
27    <application
27-->src/main/AndroidManifest.xml:5:5-48:19
28        android:allowBackup="true"
28-->src/main/AndroidManifest.xml:7:9-35
29        android:appComponentFactory="androidx.core.app.CoreComponentFactory"
29-->[androidx.core:core:1.3.2] AndroidManifest.xml:24:18-86
30        android:icon="@mipmap/ic_launcher"
30-->src/main/AndroidManifest.xml:8:9-43
31        android:label="@string/app_name"
31-->src/main/AndroidManifest.xml:9:9-41
32        android:networkSecurityConfig="@xml/network_security_config"
32-->src/main/AndroidManifest.xml:6:9-69
33        android:roundIcon="@mipmap/ic_launcher_round"
33-->src/main/AndroidManifest.xml:10:9-54
34        android:supportsRtl="true"
34-->src/main/AndroidManifest.xml:11:9-35
35        android:theme="@style/AppTheme"
35-->src/main/AndroidManifest.xml:13:9-40
36        android:usesCleartextTraffic="true" >
36-->src/main/AndroidManifest.xml:12:9-44
37        <activity
37-->src/main/AndroidManifest.xml:15:9-27:20
38            android:name="io.ionic.studentmis.MainActivity"
38-->src/main/AndroidManifest.xml:17:13-60
39            android:configChanges="orientation|keyboardHidden|keyboard|screenSize|locale|smallestScreenSize|screenLayout|uiMode"
39-->src/main/AndroidManifest.xml:16:13-129
40            android:label="@string/title_activity_main"
40-->src/main/AndroidManifest.xml:18:13-56
41            android:launchMode="singleTask"
41-->src/main/AndroidManifest.xml:20:13-44
42            android:theme="@style/AppTheme.NoActionBarLaunch" >
42-->src/main/AndroidManifest.xml:19:13-62
43            <intent-filter>
43-->src/main/AndroidManifest.xml:22:13-25:29
44                <action android:name="android.intent.action.MAIN" />
44-->src/main/AndroidManifest.xml:23:17-69
44-->src/main/AndroidManifest.xml:23:25-66
45
46                <category android:name="android.intent.category.LAUNCHER" />
46-->src/main/AndroidManifest.xml:24:17-77
46-->src/main/AndroidManifest.xml:24:27-74
47            </intent-filter>
48        </activity>
49
50        <service
50-->src/main/AndroidManifest.xml:28:9-36:19
51            android:name="io.ionic.studentmis.MyFirebaseMessagingService"
51-->src/main/AndroidManifest.xml:29:13-74
52            android:directBootAware="true"
52-->src/main/AndroidManifest.xml:32:13-43
53            android:enabled="true"
53-->src/main/AndroidManifest.xml:31:13-35
54            android:exported="true" >
54-->src/main/AndroidManifest.xml:30:13-36
55            <intent-filter>
55-->src/main/AndroidManifest.xml:33:13-35:29
56                <action android:name="com.google.firebase.MESSAGING_EVENT" />
56-->src/main/AndroidManifest.xml:34:17-78
56-->src/main/AndroidManifest.xml:34:25-75
57            </intent-filter>
58        </service>
59
60        <provider
61            android:name="androidx.core.content.FileProvider"
61-->src/main/AndroidManifest.xml:39:13-62
62            android:authorities="io.ionic.studentmis.fileprovider"
62-->src/main/AndroidManifest.xml:40:13-64
63            android:exported="false"
63-->src/main/AndroidManifest.xml:41:13-37
64            android:grantUriPermissions="true" >
64-->src/main/AndroidManifest.xml:42:13-47
65            <meta-data
65-->src/main/AndroidManifest.xml:43:13-45:64
66                android:name="android.support.FILE_PROVIDER_PATHS"
66-->src/main/AndroidManifest.xml:44:17-67
67                android:resource="@xml/file_paths" />
67-->src/main/AndroidManifest.xml:45:17-51
68            <!-- <meta-data android:name="com.google.firebase.messaging.default_notification_icon" android:resource="@mipmap/play_store_512"></meta-data> -->
69        </provider>
70
71        <service
71-->[:capacitor-push-notifications] AndroidManifest.xml:10:9-16:19
72            android:name="com.capacitorjs.plugins.pushnotifications.MessagingService"
72-->[:capacitor-push-notifications] AndroidManifest.xml:11:13-86
73            android:exported="false" >
73-->[:capacitor-push-notifications] AndroidManifest.xml:12:13-37
74            <intent-filter>
74-->src/main/AndroidManifest.xml:33:13-35:29
75                <action android:name="com.google.firebase.MESSAGING_EVENT" />
75-->src/main/AndroidManifest.xml:34:17-78
75-->src/main/AndroidManifest.xml:34:25-75
76            </intent-filter>
77        </service>
78
79        <receiver
79-->[com.google.firebase:firebase-messaging-directboot:23.0.0] AndroidManifest.xml:27:9-35:20
80            android:name="com.google.firebase.messaging.directboot.FirebaseMessagingDirectBootReceiver"
80-->[com.google.firebase:firebase-messaging-directboot:23.0.0] AndroidManifest.xml:28:13-104
81            android:directBootAware="true"
81-->[com.google.firebase:firebase-messaging-directboot:23.0.0] AndroidManifest.xml:29:13-43
82            android:exported="true"
82-->[com.google.firebase:firebase-messaging-directboot:23.0.0] AndroidManifest.xml:30:13-36
83            android:permission="com.google.android.c2dm.permission.SEND" >
83-->[com.google.firebase:firebase-messaging-directboot:23.0.0] AndroidManifest.xml:31:13-73
84            <intent-filter>
84-->[com.google.firebase:firebase-messaging-directboot:23.0.0] AndroidManifest.xml:32:13-34:29
85                <action android:name="com.google.firebase.messaging.RECEIVE_DIRECT_BOOT" />
85-->[com.google.firebase:firebase-messaging-directboot:23.0.0] AndroidManifest.xml:33:17-92
85-->[com.google.firebase:firebase-messaging-directboot:23.0.0] AndroidManifest.xml:33:25-89
86            </intent-filter>
87        </receiver>
88
89        <activity
89-->[com.google.firebase:firebase-auth:21.0.1] AndroidManifest.xml:27:9-44:20
90            android:name="com.google.firebase.auth.internal.GenericIdpActivity"
90-->[com.google.firebase:firebase-auth:21.0.1] AndroidManifest.xml:28:13-80
91            android:excludeFromRecents="true"
91-->[com.google.firebase:firebase-auth:21.0.1] AndroidManifest.xml:29:13-46
92            android:exported="true"
92-->[com.google.firebase:firebase-auth:21.0.1] AndroidManifest.xml:30:13-36
93            android:launchMode="singleTask"
93-->[com.google.firebase:firebase-auth:21.0.1] AndroidManifest.xml:31:13-44
94            android:theme="@android:style/Theme.Translucent.NoTitleBar" >
94-->[com.google.firebase:firebase-auth:21.0.1] AndroidManifest.xml:32:13-72
95            <intent-filter>
95-->[com.google.firebase:firebase-auth:21.0.1] AndroidManifest.xml:33:13-43:29
96                <action android:name="android.intent.action.VIEW" />
96-->[com.google.firebase:firebase-auth:21.0.1] AndroidManifest.xml:34:17-69
96-->[com.google.firebase:firebase-auth:21.0.1] AndroidManifest.xml:34:25-66
97
98                <category android:name="android.intent.category.DEFAULT" />
98-->[com.google.firebase:firebase-auth:21.0.1] AndroidManifest.xml:36:17-76
98-->[com.google.firebase:firebase-auth:21.0.1] AndroidManifest.xml:36:27-73
99                <category android:name="android.intent.category.BROWSABLE" />
99-->[com.google.firebase:firebase-auth:21.0.1] AndroidManifest.xml:37:17-78
99-->[com.google.firebase:firebase-auth:21.0.1] AndroidManifest.xml:37:27-75
100
101                <data
101-->[com.google.firebase:firebase-auth:21.0.1] AndroidManifest.xml:39:17-42:51
102                    android:host="firebase.auth"
102-->[com.google.firebase:firebase-auth:21.0.1] AndroidManifest.xml:40:21-49
103                    android:path="/"
103-->[com.google.firebase:firebase-auth:21.0.1] AndroidManifest.xml:41:21-37
104                    android:scheme="genericidp" />
104-->[com.google.firebase:firebase-auth:21.0.1] AndroidManifest.xml:42:21-48
105            </intent-filter>
106        </activity>
107        <activity
107-->[com.google.firebase:firebase-auth:21.0.1] AndroidManifest.xml:45:9-62:20
108            android:name="com.google.firebase.auth.internal.RecaptchaActivity"
108-->[com.google.firebase:firebase-auth:21.0.1] AndroidManifest.xml:46:13-79
109            android:excludeFromRecents="true"
109-->[com.google.firebase:firebase-auth:21.0.1] AndroidManifest.xml:47:13-46
110            android:exported="true"
110-->[com.google.firebase:firebase-auth:21.0.1] AndroidManifest.xml:48:13-36
111            android:launchMode="singleTask"
111-->[com.google.firebase:firebase-auth:21.0.1] AndroidManifest.xml:49:13-44
112            android:theme="@android:style/Theme.Translucent.NoTitleBar" >
112-->[com.google.firebase:firebase-auth:21.0.1] AndroidManifest.xml:50:13-72
113            <intent-filter>
113-->[com.google.firebase:firebase-auth:21.0.1] AndroidManifest.xml:51:13-61:29
114                <action android:name="android.intent.action.VIEW" />
114-->[com.google.firebase:firebase-auth:21.0.1] AndroidManifest.xml:34:17-69
114-->[com.google.firebase:firebase-auth:21.0.1] AndroidManifest.xml:34:25-66
115
116                <category android:name="android.intent.category.DEFAULT" />
116-->[com.google.firebase:firebase-auth:21.0.1] AndroidManifest.xml:36:17-76
116-->[com.google.firebase:firebase-auth:21.0.1] AndroidManifest.xml:36:27-73
117                <category android:name="android.intent.category.BROWSABLE" />
117-->[com.google.firebase:firebase-auth:21.0.1] AndroidManifest.xml:37:17-78
117-->[com.google.firebase:firebase-auth:21.0.1] AndroidManifest.xml:37:27-75
118
119                <data
119-->[com.google.firebase:firebase-auth:21.0.1] AndroidManifest.xml:39:17-42:51
120                    android:host="firebase.auth"
120-->[com.google.firebase:firebase-auth:21.0.1] AndroidManifest.xml:40:21-49
121                    android:path="/"
121-->[com.google.firebase:firebase-auth:21.0.1] AndroidManifest.xml:41:21-37
122                    android:scheme="recaptcha" />
122-->[com.google.firebase:firebase-auth:21.0.1] AndroidManifest.xml:42:21-48
123            </intent-filter>
124        </activity>
125
126        <service
126-->[com.google.firebase:firebase-auth:21.0.1] AndroidManifest.xml:64:9-73:19
127            android:name="com.google.firebase.auth.api.fallback.service.FirebaseAuthFallbackService"
127-->[com.google.firebase:firebase-auth:21.0.1] AndroidManifest.xml:65:13-101
128            android:enabled="true"
128-->[com.google.firebase:firebase-auth:21.0.1] AndroidManifest.xml:66:13-35
129            android:exported="false" >
129-->[com.google.firebase:firebase-auth:21.0.1] AndroidManifest.xml:67:13-37
130            <intent-filter>
130-->[com.google.firebase:firebase-auth:21.0.1] AndroidManifest.xml:68:13-72:29
131                <action android:name="com.google.firebase.auth.api.gms.service.START" />
131-->[com.google.firebase:firebase-auth:21.0.1] AndroidManifest.xml:69:17-89
131-->[com.google.firebase:firebase-auth:21.0.1] AndroidManifest.xml:69:25-86
132
133                <category android:name="android.intent.category.DEFAULT" />
133-->[com.google.firebase:firebase-auth:21.0.1] AndroidManifest.xml:36:17-76
133-->[com.google.firebase:firebase-auth:21.0.1] AndroidManifest.xml:36:27-73
134            </intent-filter>
135        </service>
136        <service
136-->[com.google.firebase:firebase-auth:21.0.1] AndroidManifest.xml:74:9-80:19
137            android:name="com.google.firebase.components.ComponentDiscoveryService"
137-->[com.google.firebase:firebase-auth:21.0.1] AndroidManifest.xml:75:13-84
138            android:directBootAware="true"
138-->[com.google.firebase:firebase-common:20.0.0] AndroidManifest.xml:35:13-43
139            android:exported="false" >
139-->[com.google.firebase:firebase-auth:21.0.1] AndroidManifest.xml:76:13-37
140            <meta-data
140-->[com.google.firebase:firebase-auth:21.0.1] AndroidManifest.xml:77:13-79:85
141                android:name="com.google.firebase.components:com.google.firebase.auth.FirebaseAuthRegistrar"
141-->[com.google.firebase:firebase-auth:21.0.1] AndroidManifest.xml:78:17-109
142                android:value="com.google.firebase.components.ComponentRegistrar" />
142-->[com.google.firebase:firebase-auth:21.0.1] AndroidManifest.xml:79:17-82
143            <meta-data
143-->[com.google.firebase:firebase-messaging:23.0.0] AndroidManifest.xml:52:13-54:85
144                android:name="com.google.firebase.components:com.google.firebase.messaging.FirebaseMessagingRegistrar"
144-->[com.google.firebase:firebase-messaging:23.0.0] AndroidManifest.xml:53:17-119
145                android:value="com.google.firebase.components.ComponentRegistrar" />
145-->[com.google.firebase:firebase-messaging:23.0.0] AndroidManifest.xml:54:17-82
146            <meta-data
146-->[com.google.firebase:firebase-iid:21.1.0] AndroidManifest.xml:32:13-34:85
147                android:name="com.google.firebase.components:com.google.firebase.iid.Registrar"
147-->[com.google.firebase:firebase-iid:21.1.0] AndroidManifest.xml:33:17-96
148                android:value="com.google.firebase.components.ComponentRegistrar" />
148-->[com.google.firebase:firebase-iid:21.1.0] AndroidManifest.xml:34:17-82
149            <meta-data
149-->[com.google.firebase:firebase-datatransport:18.0.0] AndroidManifest.xml:28:13-30:85
150                android:name="com.google.firebase.components:com.google.firebase.datatransport.TransportRegistrar"
150-->[com.google.firebase:firebase-datatransport:18.0.0] AndroidManifest.xml:29:17-115
151                android:value="com.google.firebase.components.ComponentRegistrar" />
151-->[com.google.firebase:firebase-datatransport:18.0.0] AndroidManifest.xml:30:17-82
152            <meta-data
152-->[com.google.firebase:firebase-installations:17.0.0] AndroidManifest.xml:18:13-20:85
153                android:name="com.google.firebase.components:com.google.firebase.installations.FirebaseInstallationsRegistrar"
153-->[com.google.firebase:firebase-installations:17.0.0] AndroidManifest.xml:19:17-127
154                android:value="com.google.firebase.components.ComponentRegistrar" />
154-->[com.google.firebase:firebase-installations:17.0.0] AndroidManifest.xml:20:17-82
155        </service>
156
157        <receiver
157-->[com.google.firebase:firebase-messaging:23.0.0] AndroidManifest.xml:28:9-35:20
158            android:name="com.google.firebase.iid.FirebaseInstanceIdReceiver"
158-->[com.google.firebase:firebase-messaging:23.0.0] AndroidManifest.xml:29:13-78
159            android:exported="true"
159-->[com.google.firebase:firebase-messaging:23.0.0] AndroidManifest.xml:30:13-36
160            android:permission="com.google.android.c2dm.permission.SEND" >
160-->[com.google.firebase:firebase-messaging:23.0.0] AndroidManifest.xml:31:13-73
161            <intent-filter>
161-->[com.google.firebase:firebase-messaging:23.0.0] AndroidManifest.xml:32:13-34:29
162                <action android:name="com.google.android.c2dm.intent.RECEIVE" />
162-->[com.google.firebase:firebase-messaging:23.0.0] AndroidManifest.xml:33:17-81
162-->[com.google.firebase:firebase-messaging:23.0.0] AndroidManifest.xml:33:25-78
163            </intent-filter>
164        </receiver>
165        <!--
166             FirebaseMessagingService performs security checks at runtime,
167             but set to not exported to explicitly avoid allowing another app to call it.
168        -->
169        <service
169-->[com.google.firebase:firebase-messaging:23.0.0] AndroidManifest.xml:41:9-48:19
170            android:name="com.google.firebase.messaging.FirebaseMessagingService"
170-->[com.google.firebase:firebase-messaging:23.0.0] AndroidManifest.xml:42:13-82
171            android:directBootAware="true"
171-->[com.google.firebase:firebase-messaging:23.0.0] AndroidManifest.xml:43:13-43
172            android:exported="false" >
172-->[com.google.firebase:firebase-messaging:23.0.0] AndroidManifest.xml:44:13-37
173            <intent-filter android:priority="-500" >
173-->src/main/AndroidManifest.xml:33:13-35:29
174                <action android:name="com.google.firebase.MESSAGING_EVENT" />
174-->src/main/AndroidManifest.xml:34:17-78
174-->src/main/AndroidManifest.xml:34:25-75
175            </intent-filter>
176        </service>
177        <service
177-->[com.google.android.datatransport:transport-backend-cct:3.0.0] AndroidManifest.xml:29:9-35:19
178            android:name="com.google.android.datatransport.runtime.backends.TransportBackendDiscovery"
178-->[com.google.android.datatransport:transport-backend-cct:3.0.0] AndroidManifest.xml:30:13-103
179            android:exported="false" >
179-->[com.google.android.datatransport:transport-backend-cct:3.0.0] AndroidManifest.xml:31:13-37
180            <meta-data
180-->[com.google.android.datatransport:transport-backend-cct:3.0.0] AndroidManifest.xml:32:13-34:39
181                android:name="backend:com.google.android.datatransport.cct.CctBackendFactory"
181-->[com.google.android.datatransport:transport-backend-cct:3.0.0] AndroidManifest.xml:33:17-94
182                android:value="cct" />
182-->[com.google.android.datatransport:transport-backend-cct:3.0.0] AndroidManifest.xml:34:17-36
183        </service>
184
185        <provider
185-->[com.google.firebase:firebase-common:20.0.0] AndroidManifest.xml:26:9-31:39
186            android:name="com.google.firebase.provider.FirebaseInitProvider"
186-->[com.google.firebase:firebase-common:20.0.0] AndroidManifest.xml:27:13-77
187            android:authorities="io.ionic.studentmis.firebaseinitprovider"
187-->[com.google.firebase:firebase-common:20.0.0] AndroidManifest.xml:28:13-72
188            android:directBootAware="true"
188-->[com.google.firebase:firebase-common:20.0.0] AndroidManifest.xml:29:13-43
189            android:exported="false"
189-->[com.google.firebase:firebase-common:20.0.0] AndroidManifest.xml:30:13-37
190            android:initOrder="100" />
190-->[com.google.firebase:firebase-common:20.0.0] AndroidManifest.xml:31:13-36
191
192        <activity
192-->[com.google.android.gms:play-services-base:17.1.0] AndroidManifest.xml:23:9-26:75
193            android:name="com.google.android.gms.common.api.GoogleApiActivity"
193-->[com.google.android.gms:play-services-base:17.1.0] AndroidManifest.xml:24:13-79
194            android:exported="false"
194-->[com.google.android.gms:play-services-base:17.1.0] AndroidManifest.xml:25:13-37
195            android:theme="@android:style/Theme.Translucent.NoTitleBar" />
195-->[com.google.android.gms:play-services-base:17.1.0] AndroidManifest.xml:26:13-72
196
197        <meta-data
197-->[com.google.android.gms:play-services-basement:17.1.0] AndroidManifest.xml:23:9-25:69
198            android:name="com.google.android.gms.version"
198-->[com.google.android.gms:play-services-basement:17.1.0] AndroidManifest.xml:24:13-58
199            android:value="@integer/google_play_services_version" />
199-->[com.google.android.gms:play-services-basement:17.1.0] AndroidManifest.xml:25:13-66
200
201        <service
201-->[com.google.android.datatransport:transport-runtime:3.0.0] AndroidManifest.xml:26:9-30:19
202            android:name="com.google.android.datatransport.runtime.scheduling.jobscheduling.JobInfoSchedulerService"
202-->[com.google.android.datatransport:transport-runtime:3.0.0] AndroidManifest.xml:27:13-117
203            android:exported="false"
203-->[com.google.android.datatransport:transport-runtime:3.0.0] AndroidManifest.xml:28:13-37
204            android:permission="android.permission.BIND_JOB_SERVICE" >
204-->[com.google.android.datatransport:transport-runtime:3.0.0] AndroidManifest.xml:29:13-69
205        </service>
206
207        <receiver
207-->[com.google.android.datatransport:transport-runtime:3.0.0] AndroidManifest.xml:32:9-34:40
208            android:name="com.google.android.datatransport.runtime.scheduling.jobscheduling.AlarmManagerSchedulerBroadcastReceiver"
208-->[com.google.android.datatransport:transport-runtime:3.0.0] AndroidManifest.xml:33:13-132
209            android:exported="false" />
209-->[com.google.android.datatransport:transport-runtime:3.0.0] AndroidManifest.xml:34:13-37
210    </application>
211
212</manifest>